<?xml version="1.0" encoding="UTF-8"?>
<testng-results skipped="0" failed="0" total="1" passed="1">
  <reporter-output>
  </reporter-output>
  <suite name="Default suite" duration-ms="48" started-at="2018-09-19T07:26:21Z" finished-at="2018-09-19T07:26:21Z">
    <groups>
    </groups>
    <test name="Default test" duration-ms="48" started-at="2018-09-19T07:26:21Z" finished-at="2018-09-19T07:26:21Z">
      <class name="tdd.Testpassword">
        <test-method status="PASS" signature="passwordvalidate()[pri:0, instance:tdd.Testpassword@3c09711b]" name="passwordvalidate" duration-ms="21" started-at="2018-09-19T12:56:21Z" finished-at="2018-09-19T12:56:21Z">
          <reporter-output>
          </reporter-output>
        </test-method> <!-- passwordvalidate -->
      </class> <!-- tdd.Testpassword -->
    </test> <!-- Default test -->
  </suite> <!-- Default suite -->
</testng-results>
